[www.backdoordonuts.com/index.html]
[backblue.gif]
[fade.gif]
[index.html]
[media-cdn.getbento.com/accounts/b1e41b778dec00856dafecad5140d46d/media/images/93392BDD_Favicon.png]
[images.getbento.com/accounts/b1e41b778dec00856dafecad5140d46d/media/images/47766BackDoorDounts_Primary_Logo_Black_RGB1dd2.jpg]
[theme-assets.getbento.com/sensei/74ec6d7.sensei/assets/js/head.min.js]
[www.google-analytics.com/analytics.js]
[connect.facebook.net/en_US/fbevents.js]
[images.getbento.com/accounts/b1e41b778dec00856dafecad5140d46d/media/images/47766BackDoorDounts_Primary_Logo_Black_RGB.png]
[www.backdoordonuts.com/location/back-door-donuts/index.html]
[www.backdoordonuts.com/about-us/index.html]
[www.backdoordonuts.com/menu/index.html]
[www.backdoordonuts.com/store/gift-cards/index.html]
[www.backdoordonuts.com/catering-store-v2/index.html]
[images.getbento.com/accounts/b1e41b778dec00856dafecad5140d46d/media/uW6TfWAQOqnqoowowtzi_IMG_0709c15e.jpg]
[www.backdoordonuts.com/careers/index.html]
[www.backdoordonuts.com/contact/index.html]
[images.getbento.com/accounts/b1e41b778dec00856dafecad5140d46d/media/AGMs8bDXRB6DpwmlwQSO_39CD7AC1-AD5C-4C1D-80FF-06D7650E7ED0-0301F772-4481-4A86-B56B-CF4040A78679c15e.jpg]
[images.getbento.com/accounts/b1e41b778dec00856dafecad5140d46d/media/npdWH2yKSE2rkIqRt5gI_DB306F6C-13FB-4BA3-94FE-D9E864A79B26-43C8213E-0266-4FD7-A725-2AA3C05A122Ac15e.jpg]
[images.getbento.com/accounts/b1e41b778dec00856dafecad5140d46d/media/cEFV9cIMTZaBrSEd9bBx_EB304F63-81D0-4A27-B18F-8E505604B662-40E4A463-2713-45E5-82F3-F0BD3437048Ec15e.jpg]
[images.getbento.com/accounts/b1e41b778dec00856dafecad5140d46d/media/fm19T9CRqdnmTnpx1hZQ_4A062877-8667-4455-8CD6-1717B1ECDE2E-07D53487-72A8-4AC7-85DC-9443ECA607B4c15e.jpg]
[images.getbento.com/accounts/b1e41b778dec00856dafecad5140d46d/media/a13DqzFUT1VaicsLflAQ_CC5A9611-13D6-43E7-94D1-C4DDC4AE39F4-94E462ED-E4A6-4287-849F-8A3CFBFBE4EBc15e.jpg]
[images.getbento.com/accounts/b1e41b778dec00856dafecad5140d46d/media/fLO3rjTVKV2oic7JdLsA_Donut pic1c15e.jpg]
[images.getbento.com/accounts/b1e41b778dec00856dafecad5140d46d/media/E7ZO11WSTsOOnVjhLn3u_IMG_0760c15e.jpg]
[www.backdoordonuts.com/catering/index.html]
[images.getbento.com/accounts/b1e41b778dec00856dafecad5140d46d/media/lgiOsVkTDec0RQn2wu6I_Donut Fryer picc15e.jpg]
[images.getbento.com/accounts/b1e41b778dec00856dafecad5140d46d/media/wuYiA29ZSm2uUwhTsKmK_Front Door Signc15e.jpg]
[scontent-iad3-1.cdninstagram.com/v/t51.29350-15/305484729_668391087485695_1694535923648565644_n896e.jpg]
[scontent-iad3-1.cdninstagram.com/v/t51.29350-15/302027394_585672166373404_219798217451968956_nfbf5.jpg]
[scontent-iad3-1.cdninstagram.com/v/t51.29350-15/301416755_371168025221238_3703504566886143763_n04b9.jpg]
[scontent-iad3-1.cdninstagram.com/v/t51.29350-15/300816978_467655508326584_2215086553935605506_nbc49.jpg]
[scontent-iad3-1.cdninstagram.com/v/t51.29350-15/290827197_596762448439459_5861643755477271231_naa1a.jpg]
[scontent-iad3-1.cdninstagram.com/v/t51.29350-15/289742159_506406177926624_2679659650353204811_ne32b.jpg]
[scontent-iad3-1.cdninstagram.com/v/t51.29350-15/285416787_552175526296310_6275421547185646182_n8fe2.jpg]
[scontent-iad3-1.cdninstagram.com/v/t51.29350-15/283747220_170260978721648_2914340075652631109_n6918.jpg]
[scontent-iad3-1.cdninstagram.com/v/t51.29350-15/280611270_979856652694560_984446789504536635_nf7c5.jpg]
[scontent-iad3-1.cdninstagram.com/v/t51.29350-15/278969089_159979373084781_2703387967172385986_n986d.jpg]
[theme-assets.getbento.com/sensei/74ec6d7.sensei/assets/js/foot.libs.min.js]
[theme-assets.getbento.com/sensei/74ec6d7.sensei/assets/js/bentobox.min.js]
[app-assets.getbento.com/alerts-component/97f0751/main.js]
[www.backdoordonuts.com/index.html]
[app-assets.getbento.com/analytics/e14d342/bento-analytics.min.js]
[www.backdoordonuts.com/c/index.html]
[www.backdoordonuts.com/b/index.html]
[connect.facebook.net/en_US/fbevents.js]
[www.backdoordonuts.com/location/back-door-donuts/index.html]
[www.backdoordonuts.com/POST/index.html]
[images.getbento.com/accounts/b1e41b778dec00856dafecad5140d46d/media/YqXacWsVRoWuuxUyeQ9Y_129E70DD-8FD2-4DF3-8FDC-AA620DA1E0B3-3D480838-7FEB-4AF6-89F2-7A13A7FCC7A511d2.jpg]
[images.getbento.com/accounts/b1e41b778dec00856dafecad5140d46d/media/YqXacWsVRoWuuxUyeQ9Y_129E70DD-8FD2-4DF3-8FDC-AA620DA1E0B3-3D480838-7FEB-4AF6-89F2-7A13A7FCC7A5c15e.jpg]
[images.getbento.com/accounts/b1e41b778dec00856dafecad5140d46d/media/kaSuekRETFGi9KyeBQif_2CDAA229-BDF7-4DA4-A84F-672101BB0D54-839B146E-6938-4B02-98C1-2E73C91247DFc15e.jpg]
[images.getbento.com/accounts/b1e41b778dec00856dafecad5140d46d/media/09iPfbk4QW2rAO9iI6KZ_BDD_Donut_COLOR_RGB7c0c.png]
[images.getbento.com/accounts/b1e41b778dec00856dafecad5140d46d/media/7jUQ4eD7T46ITSHQr6Lk_7F6183CF-CB28-4665-81E3-F57739F0CDB4-C93E2C1D-DC32-4DA4-ADF0-1DDA4FA93080c15e.jpg]
[images.getbento.com/accounts/b1e41b778dec00856dafecad5140d46d/media/Prz4sWe1REytiJQKElRy_A90E932A-8375-4D36-8AA5-CAF7D7030E45-4956287F-C2D9-4B28-8E35-B0924317BCFCc15e.jpg]
[images.getbento.com/accounts/b1e41b778dec00856dafecad5140d46d/media/EK9kBHwiQQWIvlC0PejF_83E03080-9706-4C4A-B85F-1B8E7F1DB86B-449099E0-62DE-46AC-8941-3B6E58C6D2D5c15e.jpg]
[images.getbento.com/accounts/b1e41b778dec00856dafecad5140d46d/media/0T2trRsIQaqESoe5MZ5D_B98DE5D0-B33E-4330-BFA2-753F512E29DC-31B28E98-5D77-44B3-94FE-1851C4806843c15e.jpg]
[images.getbento.com/accounts/b1e41b778dec00856dafecad5140d46d/media/YVvxRSuDT7OV8aXFzmbM_6ADE4A12-2070-4B6C-BFC5-4659D28A07A5-C50EF4E0-459D-4643-A765-D27243368752c15e.jpg]
[images.getbento.com/accounts/b1e41b778dec00856dafecad5140d46d/media/bhFc4RVpR2KPEsQ5OH33_5121ED41-9697-4679-95A0-B7DC76157D5B-C441C7EB-51EC-4E02-9DB8-844DBB86E29Fc15e.jpg]
[images.getbento.com/accounts/b1e41b778dec00856dafecad5140d46d/media/hVSSSnGyT1eyVBZJy1IU_D74F7DA4-E375-485F-8048-5DE63DD81D65-9E6BECBD-BC83-4E51-A4E0-DD187E9A0EA6c15e.jpg]
[images.getbento.com/accounts/b1e41b778dec00856dafecad5140d46d/media/n9fisthwQfWiml7Ft7zp_EF4D60AA-C402-473A-AB77-659531F6FCB8-AC59D6E8-9FE2-4B22-9DA5-F5E65061D960c15e.jpg]
[images.getbento.com/accounts/b1e41b778dec00856dafecad5140d46d/media/FEHaSONHRmKCVjsEjl4M_1212DC4D-208C-4F19-8EC0-8C3B48A38122-8B202C36-2D03-43A8-9C75-84BB9F9FE93Bc15e.jpg]
[images.getbento.com/accounts/b1e41b778dec00856dafecad5140d46d/media/vcpshaBkT6eUqtJWl4E5_22F901E7-BA51-488C-8F35-E84D977ED090-D4C2357E-E369-4AFF-8EFB-9D1F7365DB5Ac15e.jpg]
[images.getbento.com/accounts/b1e41b778dec00856dafecad5140d46d/media/lK8NzJheTkm9YoyHRFrx_110E09ED-2BDA-44B8-8483-0AF3245D93D2-8063F7F5-226B-41FA-9FBB-F2F60A12D2CCc15e.jpg]
[images.getbento.com/accounts/b1e41b778dec00856dafecad5140d46d/media/9XZ8J9lTFWpGsGFLhhKw_6B43377B-9E4F-4A05-B1BA-309D105A8645-637531ED-EC49-45AC-BF54-E2770A4C3EE7c15e.jpg]
[www.backdoordonuts.com/menu/index.html]
[images.getbento.com/accounts/b1e41b778dec00856dafecad5140d46d/media/G4KqkLIES3KwhBwoNPUr_IMG_0663c15e.jpg]
[images.getbento.com/accounts/b1e41b778dec00856dafecad5140d46d/media/vThjPSpsQgKOQ4ocjc3I_IMG_0727c15e.jpg]
[images.getbento.com/accounts/b1e41b778dec00856dafecad5140d46d/media/HzciCivpQfayxONKgX6u_3810FDE2-D1B9-4973-8B63-C4B5C25D94A2-1183F20A-A7B9-41BC-A77A-1A143EE89707c15e.jpg]
[images.getbento.com/accounts/b1e41b778dec00856dafecad5140d46d/media/images/93021LLI2D7jRQJajOyDyb8Zg_6891100C-1C64-4BE2-A68B-2F0F723F856A-127A24FA-FB37-46E4-B4B3-A966B8B03C47c15e.jpg]
[www.backdoordonuts.com/about-us/index.html]
[www.backdoordonuts.com/store/gift-cards/index.html]
[ajax.googleapis.com/ajax/libs/webfont/1.6.26/webfont.js]
[www.backdoordonuts.com/store/cart/index.html]
[rec.smartlook.com/recorder.js]
[app-assets.getbento.com/online-ordering/ff2b1b1/vendors_bundle.js]
[www.backdoordonuts.com/catering-store-v2/index.html]
[www.backdoordonuts.com/careers/index.html]
[www.backdoordonuts.com/contact/index.html]
[app-assets.getbento.com/online-ordering/ff2b1b1/main_bundle.js]
[images.getbento.com/accounts/b1e41b778dec00856dafecad5140d46d/media/L6mTnwtgSFOAb317OyaW_BAD181F8-9D56-4447-97E7-BA21992F7074-B7A425E1-C49C-4EC1-8FF6-3AC53348983311d2.jpg]
[images.getbento.com/accounts/b1e41b778dec00856dafecad5140d46d/media/L6mTnwtgSFOAb317OyaW_BAD181F8-9D56-4447-97E7-BA21992F7074-B7A425E1-C49C-4EC1-8FF6-3AC533489833c15e.jpg]
[images.getbento.com/accounts/b1e41b778dec00856dafecad5140d46d/media/IVFrdzcwT6WYmCOkISCx_D71ECD30-54B4-4B45-B362-B6FD6F641385-5DDBFADF-05B1-4FA0-86DD-9B29B8359C3Bc15e.jpg]
[images.getbento.com/accounts/b1e41b778dec00856dafecad5140d46d/media/eX4bAfD0RNmw3IaXpLvI_9B80FEEC-47C1-4E27-BFAA-BF9A3749C54B-2DBA9086-2C9D-4EA4-B2F2-C4ACFA510930c15e.jpg]
[www.backdoordonuts.com/catering/index.html]
[www.backdoordonuts.com/c/index.html]
[www.backdoordonuts.com/b/index.html]
[www.backdoordonuts.com/POST/index.html]
[www.backdoordonuts.com/store/cart/index.html]
[www.backdoordonuts.com/store/index.html]
